<?xml version="1.0" encoding="UTF-8"?>
<testsuite name="momory.MemoryFinderTest" tests="1" skipped="0" failures="0" errors="0" timestamp="2023-03-29T14:16:17" hostname="Hwangs-MacBook-Pro.local" time="0.044">
  <properties/>
  <testcase name="get()" classname="momory.MemoryFinderTest" time="0.044"/>
  <system-out><![CDATA[]]></system-out>
  <system-err><![CDATA[]]></system-err>
</testsuite>
